mode: set
github.com/namnguyen191/goravel/session/session.go:21.53,27.16 3 1
github.com/namnguyen191/goravel/session/session.go:32.2,32.48 1 1
github.com/namnguyen191/goravel/session/session.go:39.2,39.47 1 1
github.com/namnguyen191/goravel/session/session.go:44.2,53.40 8 1
github.com/namnguyen191/goravel/session/session.go:65.2,65.16 1 1
github.com/namnguyen191/goravel/session/session.go:27.16,29.3 1 0
github.com/namnguyen191/goravel/session/session.go:32.48,34.3 1 1
github.com/namnguyen191/goravel/session/session.go:34.8,36.3 1 0
github.com/namnguyen191/goravel/session/session.go:39.47,41.3 1 0
github.com/namnguyen191/goravel/session/session.go:54.15,54.15 0 0
github.com/namnguyen191/goravel/session/session.go:56.26,56.26 0 0
github.com/namnguyen191/goravel/session/session.go:58.32,58.32 0 0
github.com/namnguyen191/goravel/session/session.go:60.10,60.10 0 1
github.com/namnguyen191/goravel/render/render.go:35.114,36.39 1 1
github.com/namnguyen191/goravel/render/render.go:37.12,38.39 1 1
github.com/namnguyen191/goravel/render/render.go:39.13,40.51 1 1
github.com/namnguyen191/goravel/render/render.go:41.10,42.51 1 1
github.com/namnguyen191/goravel/render/render.go:47.105,50.16 2 1
github.com/namnguyen191/goravel/render/render.go:54.2,55.17 2 1
github.com/namnguyen191/goravel/render/render.go:59.2,61.16 2 1
github.com/namnguyen191/goravel/render/render.go:65.2,65.12 1 1
github.com/namnguyen191/goravel/render/render.go:50.16,52.3 1 1
github.com/namnguyen191/goravel/render/render.go:55.17,57.3 1 0
github.com/namnguyen191/goravel/render/render.go:61.16,63.3 1 0
github.com/namnguyen191/goravel/render/render.go:69.125,72.22 2 1
github.com/namnguyen191/goravel/render/render.go:78.2,80.17 2 1
github.com/namnguyen191/goravel/render/render.go:84.2,86.16 2 1
github.com/namnguyen191/goravel/render/render.go:91.2,91.47 1 1
github.com/namnguyen191/goravel/render/render.go:96.2,96.12 1 1
github.com/namnguyen191/goravel/render/render.go:72.22,74.3 1 1
github.com/namnguyen191/goravel/render/render.go:74.8,76.3 1 0
github.com/namnguyen191/goravel/render/render.go:80.17,82.3 1 0
github.com/namnguyen191/goravel/render/render.go:86.16,89.3 2 1
github.com/namnguyen191/goravel/render/render.go:91.47,94.3 2 0
